Date - Fri, 24 May 2024 20:28:18 GMT | Method - GET | URL - / | Status - 304
Date - Fri, 24 May 2024 20:28:18 GMT | Method - GET | URL - /stylesheets/style.css | Status - 304
Date - Fri, 24 May 2024 20:28:18 GMT | Method - GET | URL - /favicon.ico | Status - 404
Date - Fri, 24 May 2024 20:28:24 GMT | Method - GET | URL - /profile | Status - 200
Date - Fri, 24 May 2024 20:28:24 GMT | Method - GET | URL - /stylesheets/style.css | Status - 304
Date - Fri, 24 May 2024 20:28:24 GMT | Method - GET | URL - /favicon.ico | Status - 404
Date - Fri, 24 May 2024 20:28:35 GMT | Method - GET | URL - /game | Status - 304
Date - Fri, 24 May 2024 20:28:35 GMT | Method - GET | URL - /stylesheets/style.css | Status - 304
Date - Fri, 24 May 2024 20:28:35 GMT | Method - GET | URL - /javascripts/script.js | Status - 200
Date - Fri, 24 May 2024 20:28:38 GMT | Method - GET | URL - /game | Status - 304
Date - Fri, 24 May 2024 20:28:38 GMT | Method - GET | URL - /stylesheets/style.css | Status - 304
Date - Fri, 24 May 2024 20:28:38 GMT | Method - GET | URL - /javascripts/script.js | Status - 200
Date - Fri, 24 May 2024 20:28:43 GMT | Method - GET | URL - /game | Status - 304
Date - Fri, 24 May 2024 20:28:43 GMT | Method - GET | URL - /stylesheets/style.css | Status - 304
Date - Fri, 24 May 2024 20:28:43 GMT | Method - GET | URL - /javascripts/script.js | Status - 304
Date - Fri, 24 May 2024 20:28:45 GMT | Method - GET | URL - /stylesheets/style.css | Status - 304
Date - Fri, 24 May 2024 20:28:49 GMT | Method - GET | URL - /stylesheets/style.css | Status - 304
Date - Fri, 24 May 2024 20:29:26 GMT | Method - GET | URL - /game | Status - 304
Date - Fri, 24 May 2024 20:29:26 GMT | Method - GET | URL - /stylesheets/style.css | Status - 304
Date - Fri, 24 May 2024 20:29:26 GMT | Method - GET | URL - /javascripts/script.js | Status - 304
Date - Fri, 24 May 2024 20:29:26 GMT | Method - GET | URL - /game | Status - 304
Date - Fri, 24 May 2024 20:29:26 GMT | Method - GET | URL - /javascripts/script.js | Status - 304
Date - Fri, 24 May 2024 20:29:26 GMT | Method - GET | URL - /stylesheets/style.css | Status - 304
Date - Fri, 24 May 2024 20:29:31 GMT | Method - GET | URL - /game | Status - 304
Date - Fri, 24 May 2024 20:29:31 GMT | Method - GET | URL - /stylesheets/style.css | Status - 304
Date - Fri, 24 May 2024 20:29:31 GMT | Method - GET | URL - /javascripts/script.js | Status - 304
Date - Fri, 24 May 2024 20:30:05 GMT | Method - GET | URL - /game | Status - 304
Date - Fri, 24 May 2024 20:30:05 GMT | Method - GET | URL - /stylesheets/style.css | Status - 304
Date - Fri, 24 May 2024 20:30:05 GMT | Method - GET | URL - /javascripts/script.js | Status - 304
Date - Fri, 24 May 2024 20:30:06 GMT | Method - GET | URL - /game | Status - 304
Date - Fri, 24 May 2024 20:30:06 GMT | Method - GET | URL - /stylesheets/style.css | Status - 304
Date - Fri, 24 May 2024 20:30:06 GMT | Method - GET | URL - /javascripts/script.js | Status - 304
Date - Fri, 24 May 2024 20:30:11 GMT | Method - GET | URL - /game | Status - 304
Date - Fri, 24 May 2024 20:30:11 GMT | Method - GET | URL - /stylesheets/style.css | Status - 304
Date - Fri, 24 May 2024 20:30:11 GMT | Method - GET | URL - /javascripts/script.js | Status - 304
Date - Fri, 24 May 2024 20:30:29 GMT | Method - GET | URL - /game | Status - 304
Date - Fri, 24 May 2024 20:30:29 GMT | Method - GET | URL - /stylesheets/style.css | Status - 304
Date - Fri, 24 May 2024 20:30:29 GMT | Method - GET | URL - /javascripts/script.js | Status - 304
Date - Fri, 24 May 2024 20:30:30 GMT | Method - GET | URL - /game | Status - 304
Date - Fri, 24 May 2024 20:30:30 GMT | Method - GET | URL - /stylesheets/style.css | Status - 304
Date - Fri, 24 May 2024 20:30:30 GMT | Method - GET | URL - /javascripts/script.js | Status - 304
Date - Fri, 24 May 2024 20:30:34 GMT | Method - GET | URL - /game | Status - 304
Date - Fri, 24 May 2024 20:30:34 GMT | Method - GET | URL - /stylesheets/style.css | Status - 304
Date - Fri, 24 May 2024 20:30:34 GMT | Method - GET | URL - /javascripts/script.js | Status - 304
Date - Fri, 24 May 2024 20:31:43 GMT | Method - GET | URL - /game | Status - 304
Date - Fri, 24 May 2024 20:31:43 GMT | Method - GET | URL - /stylesheets/style.css | Status - 304
Date - Fri, 24 May 2024 20:31:43 GMT | Method - GET | URL - /javascripts/script.js | Status - 304
Date - Fri, 24 May 2024 20:31:44 GMT | Method - GET | URL - /game | Status - 304
Date - Fri, 24 May 2024 20:31:44 GMT | Method - GET | URL - /stylesheets/style.css | Status - 304
Date - Fri, 24 May 2024 20:31:44 GMT | Method - GET | URL - /javascripts/script.js | Status - 304
Date - Fri, 24 May 2024 20:31:48 GMT | Method - GET | URL - /game | Status - 304
Date - Fri, 24 May 2024 20:31:48 GMT | Method - GET | URL - /stylesheets/style.css | Status - 304
Date - Fri, 24 May 2024 20:31:48 GMT | Method - GET | URL - /javascripts/script.js | Status - 304
Date - Fri, 24 May 2024 20:32:22 GMT | Method - GET | URL - /game | Status - 304
Date - Fri, 24 May 2024 20:32:22 GMT | Method - GET | URL - /stylesheets/style.css | Status - 304
Date - Fri, 24 May 2024 20:32:22 GMT | Method - GET | URL - /javascripts/script.js | Status - 304
Date - Fri, 24 May 2024 20:32:23 GMT | Method - GET | URL - /game | Status - 304
Date - Fri, 24 May 2024 20:32:23 GMT | Method - GET | URL - /stylesheets/style.css | Status - 304
Date - Fri, 24 May 2024 20:32:23 GMT | Method - GET | URL - /javascripts/script.js | Status - 304
Date - Fri, 24 May 2024 20:32:31 GMT | Method - GET | URL - /game | Status - 304
Date - Fri, 24 May 2024 20:32:31 GMT | Method - GET | URL - /stylesheets/style.css | Status - 304
Date - Fri, 24 May 2024 20:32:31 GMT | Method - GET | URL - /javascripts/script.js | Status - 304
Date - Fri, 24 May 2024 20:32:38 GMT | Method - GET | URL - /game | Status - 304
Date - Fri, 24 May 2024 20:32:38 GMT | Method - GET | URL - /stylesheets/style.css | Status - 304
Date - Fri, 24 May 2024 20:32:38 GMT | Method - GET | URL - /javascripts/script.js | Status - 304
Date - Fri, 24 May 2024 20:33:52 GMT | Method - GET | URL - /game | Status - 304
Date - Fri, 24 May 2024 20:33:52 GMT | Method - GET | URL - /stylesheets/style.css | Status - 304
Date - Fri, 24 May 2024 20:33:52 GMT | Method - GET | URL - /javascripts/script.js | Status - 200
Date - Fri, 24 May 2024 20:33:54 GMT | Method - GET | URL - /game | Status - 304
Date - Fri, 24 May 2024 20:33:54 GMT | Method - GET | URL - /stylesheets/style.css | Status - 304
Date - Fri, 24 May 2024 20:33:54 GMT | Method - GET | URL - /javascripts/script.js | Status - 200
Date - Fri, 24 May 2024 20:34:00 GMT | Method - GET | URL - /game | Status - 304
Date - Fri, 24 May 2024 20:34:00 GMT | Method - GET | URL - /stylesheets/style.css | Status - 304
Date - Fri, 24 May 2024 20:34:00 GMT | Method - GET | URL - /javascripts/script.js | Status - 304
Date - Fri, 24 May 2024 20:34:02 GMT | Method - GET | URL - /game | Status - 304
Date - Fri, 24 May 2024 20:34:02 GMT | Method - GET | URL - /stylesheets/style.css | Status - 304
Date - Fri, 24 May 2024 20:34:02 GMT | Method - GET | URL - /javascripts/script.js | Status - 304
Date - Fri, 24 May 2024 20:34:19 GMT | Method - GET | URL - /game | Status - 304
Date - Fri, 24 May 2024 20:34:19 GMT | Method - GET | URL - /stylesheets/style.css | Status - 304
Date - Fri, 24 May 2024 20:34:19 GMT | Method - GET | URL - /javascripts/script.js | Status - 200
Date - Fri, 24 May 2024 20:34:20 GMT | Method - GET | URL - /game | Status - 304
Date - Fri, 24 May 2024 20:34:20 GMT | Method - GET | URL - /stylesheets/style.css | Status - 304
Date - Fri, 24 May 2024 20:34:20 GMT | Method - GET | URL - /javascripts/script.js | Status - 200
Date - Fri, 24 May 2024 20:34:28 GMT | Method - GET | URL - / | Status - 304
Date - Fri, 24 May 2024 20:34:28 GMT | Method - GET | URL - /stylesheets/style.css | Status - 304
Date - Fri, 24 May 2024 20:34:30 GMT | Method - GET | URL - /game | Status - 304
Date - Fri, 24 May 2024 20:34:30 GMT | Method - GET | URL - /stylesheets/style.css | Status - 304
Date - Fri, 24 May 2024 20:34:30 GMT | Method - GET | URL - /javascripts/script.js | Status - 304
Date - Fri, 24 May 2024 20:37:22 GMT | Method - GET | URL - /game | Status - 304
Date - Fri, 24 May 2024 20:37:22 GMT | Method - GET | URL - /stylesheets/style.css | Status - 304
Date - Fri, 24 May 2024 20:37:22 GMT | Method - GET | URL - /javascripts/script.js | Status - 200
Date - Fri, 24 May 2024 20:37:31 GMT | Method - GET | URL - /game | Status - 304
Date - Fri, 24 May 2024 20:37:31 GMT | Method - GET | URL - /stylesheets/style.css | Status - 304
Date - Fri, 24 May 2024 20:37:31 GMT | Method - GET | URL - /javascripts/script.js | Status - 200
Date - Fri, 24 May 2024 20:41:58 GMT | Method - GET | URL - /game | Status - 304
Date - Fri, 24 May 2024 20:41:58 GMT | Method - GET | URL - /stylesheets/style.css | Status - 304
Date - Fri, 24 May 2024 20:41:58 GMT | Method - GET | URL - /javascripts/script.js | Status - 200
Date - Fri, 24 May 2024 20:41:58 GMT | Method - GET | URL - /game | Status - 304
Date - Fri, 24 May 2024 20:44:28 GMT | Method - GET | URL - /game | Status - 304
Date - Fri, 24 May 2024 20:58:19 GMT | Method - GET | URL - /game | Status - 304
Date - Fri, 24 May 2024 20:58:19 GMT | Method - GET | URL - /stylesheets/style.css | Status - 304
Date - Fri, 24 May 2024 20:58:19 GMT | Method - GET | URL - /javascripts/script.js | Status - 304
Date - Fri, 24 May 2024 20:58:22 GMT | Method - GET | URL - /game | Status - 304
Date - Fri, 24 May 2024 20:58:22 GMT | Method - GET | URL - /stylesheets/style.css | Status - 304
Date - Fri, 24 May 2024 20:58:22 GMT | Method - GET | URL - /javascripts/script.js | Status - 200
Date - Fri, 24 May 2024 20:58:25 GMT | Method - GET | URL - /profile | Status - 304
Date - Fri, 24 May 2024 20:58:25 GMT | Method - GET | URL - /stylesheets/style.css | Status - 304
Date - Fri, 24 May 2024 20:58:32 GMT | Method - GET | URL - /profile | Status - 304
Date - Fri, 24 May 2024 20:58:32 GMT | Method - GET | URL - /stylesheets/style.css | Status - 304
Date - Fri, 24 May 2024 20:58:54 GMT | Method - GET | URL - /profile | Status - 304
Date - Fri, 24 May 2024 20:58:54 GMT | Method - GET | URL - /stylesheets/style.css | Status - 304
Date - Fri, 24 May 2024 20:58:55 GMT | Method - GET | URL - /profile | Status - 304
Date - Fri, 24 May 2024 20:58:55 GMT | Method - GET | URL - /stylesheets/style.css | Status - 304
Date - Fri, 24 May 2024 20:58:55 GMT | Method - GET | URL - /profile | Status - 304
Date - Fri, 24 May 2024 20:58:55 GMT | Method - GET | URL - /stylesheets/style.css | Status - 304
Date - Fri, 24 May 2024 20:58:57 GMT | Method - GET | URL - /profile | Status - 304
Date - Fri, 24 May 2024 20:58:57 GMT | Method - GET | URL - /stylesheets/style.css | Status - 304
Date - Fri, 24 May 2024 20:58:58 GMT | Method - GET | URL - /game | Status - 304
Date - Fri, 24 May 2024 20:58:58 GMT | Method - GET | URL - /stylesheets/style.css | Status - 304
Date - Fri, 24 May 2024 20:58:58 GMT | Method - GET | URL - /javascripts/script.js | Status - 304
Date - Fri, 24 May 2024 20:59:01 GMT | Method - GET | URL - /game | Status - 304
Date - Fri, 24 May 2024 20:59:01 GMT | Method - GET | URL - /stylesheets/style.css | Status - 304
Date - Fri, 24 May 2024 20:59:01 GMT | Method - GET | URL - /javascripts/script.js | Status - 304
Date - Fri, 24 May 2024 20:59:05 GMT | Method - GET | URL - /game | Status - 304
Date - Fri, 24 May 2024 20:59:05 GMT | Method - GET | URL - /stylesheets/style.css | Status - 304
Date - Fri, 24 May 2024 20:59:05 GMT | Method - GET | URL - /javascripts/script.js | Status - 304
Date - Fri, 24 May 2024 21:02:58 GMT | Method - GET | URL - /game | Status - 304
Date - Fri, 24 May 2024 21:08:59 GMT | Method - GET | URL - /game | Status - 304
Date - Fri, 24 May 2024 21:08:59 GMT | Method - GET | URL - /stylesheets/style.css | Status - 304
Date - Fri, 24 May 2024 21:08:59 GMT | Method - GET | URL - /javascripts/script.js | Status - 200
Date - Fri, 24 May 2024 21:09:07 GMT | Method - GET | URL - /game | Status - 304
Date - Fri, 24 May 2024 21:09:07 GMT | Method - GET | URL - /stylesheets/style.css | Status - 304
Date - Fri, 24 May 2024 21:09:07 GMT | Method - GET | URL - /javascripts/script.js | Status - 200
Date - Fri, 24 May 2024 21:09:09 GMT | Method - GET | URL - /profile | Status - 304
Date - Fri, 24 May 2024 21:09:09 GMT | Method - GET | URL - /stylesheets/style.css | Status - 304
Date - Sat, 25 May 2024 10:06:03 GMT | Method - GET | URL - /profile | Status - 304
Date - Sat, 25 May 2024 10:06:03 GMT | Method - GET | URL - /game | Status - 304
Date - Sat, 25 May 2024 10:06:03 GMT | Method - GET | URL - /stylesheets/style.css | Status - 304
Date - Sat, 25 May 2024 10:06:03 GMT | Method - GET | URL - /stylesheets/style.css | Status - 304
Date - Sat, 25 May 2024 10:06:03 GMT | Method - GET | URL - /javascripts/script.js | Status - 304
Date - Sat, 25 May 2024 10:06:09 GMT | Method - GET | URL - /game | Status - 304
Date - Sat, 25 May 2024 10:06:09 GMT | Method - GET | URL - /stylesheets/style.css | Status - 304
Date - Sat, 25 May 2024 10:06:09 GMT | Method - GET | URL - /javascripts/script.js | Status - 304
Date - Sat, 25 May 2024 10:06:18 GMT | Method - GET | URL - /game | Status - 304
Date - Sat, 25 May 2024 10:06:18 GMT | Method - GET | URL - /stylesheets/style.css | Status - 304
Date - Sat, 25 May 2024 10:06:18 GMT | Method - GET | URL - /javascripts/script.js | Status - 304
Date - Sat, 25 May 2024 10:06:20 GMT | Method - GET | URL - /game | Status - 304
Date - Sat, 25 May 2024 10:06:20 GMT | Method - GET | URL - /stylesheets/style.css | Status - 304
Date - Sat, 25 May 2024 10:06:20 GMT | Method - GET | URL - /javascripts/script.js | Status - 304
Date - Sun, 26 May 2024 16:02:30 GMT | Method - GET | URL - / | Status - 200
Date - Sun, 26 May 2024 16:02:30 GMT | Method - GET | URL - /stylesheets/style.css | Status - 304
Date - Sun, 26 May 2024 16:02:30 GMT | Method - GET | URL - /favicon.ico | Status - 404
Date - Sun, 26 May 2024 16:03:08 GMT | Method - GET | URL - /users/reg | Status - 304
Date - Sun, 26 May 2024 16:03:08 GMT | Method - GET | URL - /stylesheets/style.css | Status - 304
Date - Sun, 26 May 2024 16:03:17 GMT | Method - POST | URL - /users/reg | Status - 302
Date - Sun, 26 May 2024 16:03:17 GMT | Method - GET | URL - / | Status - 304
Date - Sun, 26 May 2024 16:03:17 GMT | Method - GET | URL - /stylesheets/style.css | Status - 304
Date - Sun, 26 May 2024 16:03:20 GMT | Method - GET | URL - /users/login | Status - 200
Date - Sun, 26 May 2024 16:03:20 GMT | Method - GET | URL - /stylesheets/style.css | Status - 304
Date - Sun, 26 May 2024 16:03:46 GMT | Method - POST | URL - /users/login | Status - 302
Date - Sun, 26 May 2024 16:03:46 GMT | Method - GET | URL - / | Status - 200
Date - Sun, 26 May 2024 16:03:46 GMT | Method - GET | URL - /stylesheets/style.css | Status - 304
Date - Sun, 26 May 2024 16:03:51 GMT | Method - GET | URL - /profile | Status - 304
Date - Sun, 26 May 2024 16:03:51 GMT | Method - GET | URL - /stylesheets/style.css | Status - 304
Date - Sun, 26 May 2024 16:04:03 GMT | Method - GET | URL - /profile | Status - 304
Date - Sun, 26 May 2024 16:04:03 GMT | Method - GET | URL - /stylesheets/style.css | Status - 200
Date - Sun, 26 May 2024 16:04:06 GMT | Method - GET | URL - /game | Status - 304
Date - Sun, 26 May 2024 16:04:06 GMT | Method - GET | URL - /stylesheets/style.css | Status - 304
Date - Sun, 26 May 2024 16:04:06 GMT | Method - GET | URL - /javascripts/script.js | Status - 200
Date - Sun, 26 May 2024 16:04:08 GMT | Method - GET | URL - /game | Status - 304
Date - Sun, 26 May 2024 16:04:08 GMT | Method - GET | URL - /stylesheets/style.css | Status - 304
Date - Sun, 26 May 2024 16:04:08 GMT | Method - GET | URL - /javascripts/script.js | Status - 200
Date - Sun, 26 May 2024 16:04:22 GMT | Method - GET | URL - /game | Status - 304
Date - Sun, 26 May 2024 16:04:22 GMT | Method - GET | URL - /stylesheets/style.css | Status - 304
Date - Sun, 26 May 2024 16:04:22 GMT | Method - GET | URL - /javascripts/script.js | Status - 304
Date - Sun, 26 May 2024 16:05:15 GMT | Method - GET | URL - /game | Status - 304
Date - Sun, 26 May 2024 16:05:15 GMT | Method - GET | URL - /javascripts/script.js | Status - 304
Date - Sun, 26 May 2024 16:05:15 GMT | Method - GET | URL - /stylesheets/style.css | Status - 304
Date - Sun, 26 May 2024 16:05:16 GMT | Method - GET | URL - /game | Status - 304
Date - Sun, 26 May 2024 16:05:16 GMT | Method - GET | URL - /javascripts/script.js | Status - 304
Date - Sun, 26 May 2024 16:05:16 GMT | Method - GET | URL - /stylesheets/style.css | Status - 304
Date - Sun, 26 May 2024 16:05:45 GMT | Method - GET | URL - /game | Status - 304
Date - Sun, 26 May 2024 16:05:45 GMT | Method - GET | URL - /stylesheets/style.css | Status - 304
Date - Sun, 26 May 2024 16:05:45 GMT | Method - GET | URL - /javascripts/script.js | Status - 304
Date - Sun, 26 May 2024 16:05:47 GMT | Method - GET | URL - /game | Status - 304
Date - Sun, 26 May 2024 16:05:47 GMT | Method - GET | URL - /stylesheets/style.css | Status - 304
Date - Sun, 26 May 2024 16:05:47 GMT | Method - GET | URL - /javascripts/script.js | Status - 304
Date - Sun, 26 May 2024 16:13:14 GMT | Method - GET | URL - /game | Status - 304
Date - Sun, 26 May 2024 16:13:14 GMT | Method - GET | URL - /javascripts/script.js | Status - 200
Date - Sun, 26 May 2024 16:13:14 GMT | Method - GET | URL - /stylesheets/style.css | Status - 304
Date - Sun, 26 May 2024 16:13:15 GMT | Method - GET | URL - /game | Status - 304
Date - Sun, 26 May 2024 16:13:15 GMT | Method - GET | URL - /stylesheets/style.css | Status - 304
Date - Sun, 26 May 2024 16:13:15 GMT | Method - GET | URL - /javascripts/script.js | Status - 200
Date - Sun, 26 May 2024 16:14:44 GMT | Method - GET | URL - /game | Status - 304
Date - Sun, 26 May 2024 16:14:44 GMT | Method - GET | URL - /stylesheets/style.css | Status - 304
Date - Sun, 26 May 2024 16:14:44 GMT | Method - GET | URL - /javascripts/script.js | Status - 200
Date - Sun, 26 May 2024 16:14:44 GMT | Method - GET | URL - /game | Status - 304
Date - Sun, 26 May 2024 16:14:44 GMT | Method - GET | URL - /stylesheets/style.css | Status - 304
Date - Sun, 26 May 2024 16:14:44 GMT | Method - GET | URL - /javascripts/script.js | Status - 200
Date - Sun, 26 May 2024 16:16:37 GMT | Method - GET | URL - /game | Status - 304
Date - Sun, 26 May 2024 16:16:37 GMT | Method - GET | URL - /stylesheets/style.css | Status - 304
Date - Sun, 26 May 2024 16:16:37 GMT | Method - GET | URL - /javascripts/script.js | Status - 200
Date - Sun, 26 May 2024 16:16:38 GMT | Method - GET | URL - /game | Status - 304
Date - Sun, 26 May 2024 16:16:38 GMT | Method - GET | URL - /stylesheets/style.css | Status - 304
Date - Sun, 26 May 2024 16:16:38 GMT | Method - GET | URL - /javascripts/script.js | Status - 200
Date - Sun, 26 May 2024 16:20:07 GMT | Method - GET | URL - /game | Status - 200
Date - Sun, 26 May 2024 16:20:07 GMT | Method - GET | URL - /stylesheets/style.css | Status - 304
Date - Sun, 26 May 2024 16:20:07 GMT | Method - GET | URL - /javascripts/script.js | Status - 200
Date - Sun, 26 May 2024 16:20:08 GMT | Method - GET | URL - /game | Status - 200
Date - Sun, 26 May 2024 16:20:08 GMT | Method - GET | URL - /stylesheets/style.css | Status - 304
Date - Sun, 26 May 2024 16:20:08 GMT | Method - GET | URL - /javascripts/script.js | Status - 200
Date - Sun, 26 May 2024 16:28:02 GMT | Method - GET | URL - /game | Status - 304
Date - Sun, 26 May 2024 16:28:02 GMT | Method - GET | URL - /stylesheets/style.css | Status - 304
Date - Sun, 26 May 2024 16:28:02 GMT | Method - GET | URL - /javascripts/script.js | Status - 200
Date - Sun, 26 May 2024 16:28:03 GMT | Method - GET | URL - /game | Status - 304
Date - Sun, 26 May 2024 16:28:03 GMT | Method - GET | URL - /stylesheets/style.css | Status - 304
Date - Sun, 26 May 2024 16:28:03 GMT | Method - GET | URL - /javascripts/script.js | Status - 200
Date - Sun, 26 May 2024 16:28:32 GMT | Method - GET | URL - /stylesheets/style.css | Status - 304
Date - Sun, 26 May 2024 16:28:57 GMT | Method - GET | URL - /game | Status - 304
Date - Sun, 26 May 2024 16:28:57 GMT | Method - GET | URL - /javascripts/script.js | Status - 200
Date - Sun, 26 May 2024 16:28:57 GMT | Method - GET | URL - /stylesheets/style.css | Status - 304
Date - Sun, 26 May 2024 16:28:57 GMT | Method - GET | URL - /game | Status - 304
Date - Sun, 26 May 2024 16:28:57 GMT | Method - GET | URL - /stylesheets/style.css | Status - 304
Date - Sun, 26 May 2024 16:28:57 GMT | Method - GET | URL - /javascripts/script.js | Status - 200
Date - Sun, 26 May 2024 16:39:26 GMT | Method - GET | URL - /game | Status - 304
Date - Sun, 26 May 2024 16:39:26 GMT | Method - GET | URL - /game | Status - 304
Date - Sun, 26 May 2024 16:39:26 GMT | Method - GET | URL - /stylesheets/style.css | Status - 304
Date - Sun, 26 May 2024 16:39:26 GMT | Method - GET | URL - /javascripts/script.js | Status - 200
Date - Sun, 26 May 2024 16:39:26 GMT | Method - GET | URL - /stylesheets/style.css | Status - 304
Date - Sun, 26 May 2024 16:39:26 GMT | Method - GET | URL - /javascripts/script.js | Status - 200
